<?xml version="1.0" encoding="UTF-8"?>
<testsuites>
  <testsuite name="RomanNumbers" file="C:\cygwin\home\ijonas\jenkins-php-ci\src\RomanNumbers.php" tests="13" assertions="13" failures="0" errors="0" time="0.013064">
    <testsuite name="RomanNumbersTests" file="C:\cygwin\home\ijonas\jenkins-php-ci\src\RomanNumbersTests.php" tests="13" assertions="13" failures="0" errors="0" time="0.013064">
      <testcase name="testCovertToRoman1ReturnI" class="RomanNumbersTests" file="C:\cygwin\home\ijonas\jenkins-php-ci\src\RomanNumbersTests.php" line="6" assertions="1" time="0.007410"/>
      <testcase name="testCovertToRoman2ReturnII" class="RomanNumbersTests" file="C:\cygwin\home\ijonas\jenkins-php-ci\src\RomanNumbersTests.php" line="13" assertions="1" time="0.000535"/>
      <testcase name="testCovertToRoman3ReturnIII" class="RomanNumbersTests" file="C:\cygwin\home\ijonas\jenkins-php-ci\src\RomanNumbersTests.php" line="20" assertions="1" time="0.000503"/>
      <testcase name="testCovertToRoman4ReturnIV" class="RomanNumbersTests" file="C:\cygwin\home\ijonas\jenkins-php-ci\src\RomanNumbersTests.php" line="27" assertions="1" time="0.000474"/>
      <testcase name="testCovertToRoman5ReturnV" class="RomanNumbersTests" file="C:\cygwin\home\ijonas\jenkins-php-ci\src\RomanNumbersTests.php" line="34" assertions="1" time="0.000449"/>
      <testcase name="testCovertToRoman6ReturnVI" class="RomanNumbersTests" file="C:\cygwin\home\ijonas\jenkins-php-ci\src\RomanNumbersTests.php" line="41" assertions="1" time="0.000474"/>
      <testcase name="testCovertToRoman8ReturnVIII" class="RomanNumbersTests" file="C:\cygwin\home\ijonas\jenkins-php-ci\src\RomanNumbersTests.php" line="48" assertions="1" time="0.000451"/>
      <testcase name="testCovertToRoman9ReturnIX" class="RomanNumbersTests" file="C:\cygwin\home\ijonas\jenkins-php-ci\src\RomanNumbersTests.php" line="54" assertions="1" time="0.000524"/>
      <testcase name="testCovertToRoman10ReturnX" class="RomanNumbersTests" file="C:\cygwin\home\ijonas\jenkins-php-ci\src\RomanNumbersTests.php" line="61" assertions="1" time="0.000443"/>
      <testcase name="testCovertToRoman14ReturnXIV" class="RomanNumbersTests" file="C:\cygwin\home\ijonas\jenkins-php-ci\src\RomanNumbersTests.php" line="68" assertions="1" time="0.000443"/>
      <testcase name="testCovertToRoman15ReturnXV" class="RomanNumbersTests" file="C:\cygwin\home\ijonas\jenkins-php-ci\src\RomanNumbersTests.php" line="75" assertions="1" time="0.000441"/>
      <testcase name="testCovertToRoman19ReturnXIX" class="RomanNumbersTests" file="C:\cygwin\home\ijonas\jenkins-php-ci\src\RomanNumbersTests.php" line="82" assertions="1" time="0.000437"/>
      <testcase name="testCovertToRoman50ReturnL" class="RomanNumbersTests" file="C:\cygwin\home\ijonas\jenkins-php-ci\src\RomanNumbersTests.php" line="90" assertions="1" time="0.000480"/>
    </testsuite>
  </testsuite>
</testsuites>
